<?xml version="1.0" encoding="UTF-8"?>
<!-- Generated by org.testng.reporters.JUnitReportReporter -->
<testsuite hostname="SK-W7" failures="0" tests="1" name="com.herokuapp.theinternet.PositiveTests" time="20.567" errors="0" timestamp="2020-11-17T07:46:02 IST" skipped="0">
  <testcase classname="com.herokuapp.theinternet.PositiveTests" name="loginTest" time="20.567"/>
  <system-out/>
</testsuite> <!-- com.herokuapp.theinternet.PositiveTests -->
