<?xml version="1.0" encoding="UTF-8"?>
<!-- Generated by org.testng.reporters.JUnitReportReporter -->
<testsuite hostname="SK-W7" failures="0" tests="2" name="com.herokuapp.theinternet.NegativeTests" time="31.764" errors="0" timestamp="2020-11-18T07:45:40 IST" skipped="0">
  <testcase classname="com.herokuapp.theinternet.NegativeTests" name="negativeLoginTest" time="15.200"/>
  <system-out/>
  <testcase classname="com.herokuapp.theinternet.NegativeTests" name="negativeLoginTest" time="16.564"/>
  <system-out/>
</testsuite> <!-- com.herokuapp.theinternet.NegativeTests -->
