<?xml version="1.0" encoding="UTF-8"?>
<!-- Generated by org.testng.reporters.JUnitReportReporter -->
<testsuite hostname="SK-W7" failures="0" tests="1" name="com.herokuapp.theinternet.InvalidUsername" time="13.232" errors="0" timestamp="2020-11-17T07:16:09 IST" skipped="0">
  <testcase classname="com.herokuapp.theinternet.InvalidUsername" name="invalidLoginTest" time="13.232"/>
  <system-out/>
</testsuite> <!-- com.herokuapp.theinternet.InvalidUsername -->
