<?xml version="1.0" encoding="UTF-8"?>
<!-- Generated by org.testng.reporters.JUnitReportReporter -->
<testsuite hostname="LAPTOP-OCIHIP7E" failures="0" tests="2" name="com.herokuapp.theinternet.LoginTests" time="27.186" errors="0" timestamp="2020-12-16T14:59:54 IST" skipped="0">
  <testcase classname="com.herokuapp.theinternet.LoginTests" name="positiveLoginTest" time="14.473"/>
  <system-out/>
  <testcase classname="com.herokuapp.theinternet.LoginTests" name="negativeLoginTest" time="12.713"/>
  <system-out/>
</testsuite> <!-- com.herokuapp.theinternet.LoginTests -->
