<?xml version="1.0" encoding="UTF-8"?>
<!-- Generated by org.testng.reporters.JUnitReportReporter -->
<testsuite hostname="SK-W7" failures="0" tests="1" name="com.herokuapp.theinternet.InvalidPassword" time="18.026" errors="0" timestamp="2020-11-17T07:16:09 IST" skipped="0">
  <testcase classname="com.herokuapp.theinternet.InvalidPassword" name="invalidLoginTest" time="18.026"/>
  <system-out/>
</testsuite> <!-- com.herokuapp.theinternet.InvalidPassword -->
